        -:    0:Source:dominion.c
        -:    0:Graph:dominion.gcno
        -:    0:Data:dominion.gcda
        -:    0:Runs:1
        -:    0:Programs:1
        -:    1:#include "dominion.h"
        -:    2:#include "dominion_helpers.h"
        -:    3:#include "rngs.h"
        -:    4:#include <stdio.h>
        -:    5:#include <math.h>
        -:    6:#include <stdlib.h>
        -:    7:
function compare called 140 returned 100% blocks executed 85%
        -:    8:int compare(const void* a, const void* b) {
      140:    9:    if (*(int*)a > *(int*)b)
branch  0 taken 0%
branch  1 taken 100%
    #####:   10:        return 1;
      140:   11:    if (*(int*)a < *(int*)b)
branch  0 taken 36%
branch  1 taken 64%
       50:   12:        return -1;
       90:   13:    return 0;
      140:   14:}
        -:   15:
function newGame called 0 returned 0% blocks executed 0%
        -:   16:struct gameState* newGame() {
    #####:   17:    struct gameState* g = malloc(sizeof(struct gameState));
    #####:   18:    return g;
        -:   19:}
        -:   20:
function kingdomCards called 0 returned 0% blocks executed 0%
        -:   21:int* kingdomCards(int k1, int k2, int k3, int k4, int k5, int k6, int k7,
        -:   22:                  int k8, int k9, int k10) {
    #####:   23:    int* k = malloc(10 * sizeof(int));
    #####:   24:    k[0] = k1;
    #####:   25:    k[1] = k2;
    #####:   26:    k[2] = k3;
    #####:   27:    k[3] = k4;
    #####:   28:    k[4] = k5;
    #####:   29:    k[5] = k6;
    #####:   30:    k[6] = k7;
    #####:   31:    k[7] = k8;
    #####:   32:    k[8] = k9;
    #####:   33:    k[9] = k10;
    #####:   34:    return k;
        -:   35:}
        -:   36:
function initializeGame called 5 returned 100% blocks executed 87%
        -:   37:int initializeGame(int numPlayers, int kingdomCards[10], int randomSeed,
        -:   38:                   struct gameState *state) {
        -:   39:    int i;
        -:   40:    int j;
        -:   41:    int it;
        -:   42:
        -:   43:    //set up random number generator
        5:   44:    SelectStream(1);
        5:   45:    PutSeed((long)randomSeed);
        -:   46:
        -:   47:    //check number of players
       10:   48:    if (numPlayers > MAX_PLAYERS || numPlayers < 2)
branch  0 taken 100%
branch  1 taken 0%
branch  2 taken 0%
branch  3 taken 100%
        -:   49:    {
    #####:   50:        return -1;
        -:   51:    }
        -:   52:
        -:   53:    //set number of players
        5:   54:    state->numPlayers = numPlayers;
        -:   55:
        -:   56:    //check selected kingdom cards are different
      110:   57:    for (i = 0; i < 10; i++)
branch  0 taken 91%
branch  1 taken 9%
        -:   58:    {
     1100:   59:        for (j = 0; j < 10; j++)
branch  0 taken 91%
branch  1 taken 9%
        -:   60:        {
      950:   61:            if (j != i && kingdomCards[j] == kingdomCards[i])
branch  0 taken 90%
branch  1 taken 10%
branch  2 taken 0%
branch  3 taken 100%
        -:   62:            {
    #####:   63:                return -1;
        -:   64:            }
      500:   65:        }
       50:   66:    }
        -:   67:
        -:   68:
        -:   69:    //initialize supply
        -:   70:    ///////////////////////////////
        -:   71:
        -:   72:    //set number of Curse cards
        5:   73:    if (numPlayers == 2)
branch  0 taken 100%
branch  1 taken 0%
        -:   74:    {
        5:   75:        state->supplyCount[curse] = 10;
        5:   76:    }
    #####:   77:    else if (numPlayers == 3)
branch  0 never executed
branch  1 never executed
        -:   78:    {
    #####:   79:        state->supplyCount[curse] = 20;
    #####:   80:    }
        -:   81:    else
        -:   82:    {
    #####:   83:        state->supplyCount[curse] = 30;
        -:   84:    }
        -:   85:
        -:   86:    //set number of Victory cards
        5:   87:    if (numPlayers == 2)
branch  0 taken 100%
branch  1 taken 0%
        -:   88:    {
        5:   89:        state->supplyCount[estate] = 8;
        5:   90:        state->supplyCount[duchy] = 8;
        5:   91:        state->supplyCount[province] = 8;
        5:   92:    }
        -:   93:    else
        -:   94:    {
    #####:   95:        state->supplyCount[estate] = 12;
    #####:   96:        state->supplyCount[duchy] = 12;
    #####:   97:        state->supplyCount[province] = 12;
        -:   98:    }
        -:   99:
        -:  100:    //set number of Treasure cards
        5:  101:    state->supplyCount[copper] = 60 - (7 * numPlayers);
        5:  102:    state->supplyCount[silver] = 40;
        5:  103:    state->supplyCount[gold] = 30;
        -:  104:
        -:  105:    //set number of Kingdom cards
      210:  106:    for (i = adventurer; i <= treasure_map; i++)       	//loop all cards
branch  0 taken 95%
branch  1 taken 5%
        -:  107:    {
     1650:  108:        for (j = 0; j < 10; j++)           		//loop chosen cards
branch  0 taken 94%
branch  1 taken 6%
        -:  109:        {
      775:  110:            if (kingdomCards[j] == i)
branch  0 taken 6%
branch  1 taken 94%
        -:  111:            {
        -:  112:                //check if card is a 'Victory' Kingdom card
       95:  113:                if (kingdomCards[j] == great_hall || kingdomCards[j] == gardens)
branch  0 taken 90%
branch  1 taken 10%
branch  2 taken 11%
branch  3 taken 89%
        -:  114:                {
       10:  115:                    if (numPlayers == 2) {
branch  0 taken 100%
branch  1 taken 0%
       10:  116:                        state->supplyCount[i] = 8;
       10:  117:                    }
        -:  118:                    else {
    #####:  119:                        state->supplyCount[i] = 12;
        -:  120:                    }
       10:  121:                }
        -:  122:                else
        -:  123:                {
       40:  124:                    state->supplyCount[i] = 10;
        -:  125:                }
       50:  126:                break;
        -:  127:            }
        -:  128:            else    //card is not in the set choosen for the game
        -:  129:            {
      725:  130:                state->supplyCount[i] = -1;
        -:  131:            }
      725:  132:        }
        -:  133:
      100:  134:    }
        -:  135:
        -:  136:    ////////////////////////
        -:  137:    //supply intilization complete
        -:  138:
        -:  139:    //set player decks
       30:  140:    for (i = 0; i < numPlayers; i++)
branch  0 taken 67%
branch  1 taken 33%
        -:  141:    {
       10:  142:        state->deckCount[i] = 0;
       80:  143:        for (j = 0; j < 3; j++)
branch  0 taken 75%
branch  1 taken 25%
        -:  144:        {
       30:  145:            state->deck[i][j] = estate;
       30:  146:            state->deckCount[i]++;
       30:  147:        }
      160:  148:        for (j = 3; j < 10; j++)
branch  0 taken 88%
branch  1 taken 13%
        -:  149:        {
       70:  150:            state->deck[i][j] = copper;
       70:  151:            state->deckCount[i]++;
       70:  152:        }
       10:  153:    }
        -:  154:
        -:  155:    //shuffle player decks
       30:  156:    for (i = 0; i < numPlayers; i++)
branch  0 taken 67%
branch  1 taken 33%
        -:  157:    {
       10:  158:        if ( shuffle(i, state) < 0 )
branch  0 taken 0%
branch  1 taken 100%
        -:  159:        {
    #####:  160:            return -1;
        -:  161:        }
       10:  162:    }
        -:  163:
        -:  164:    //draw player hands
       30:  165:    for (i = 0; i < numPlayers; i++)
branch  0 taken 67%
branch  1 taken 33%
        -:  166:    {
        -:  167:        //initialize hand size to zero
       10:  168:        state->handCount[i] = 0;
       10:  169:        state->discardCount[i] = 0;
        -:  170:        //draw 5 cards
        -:  171:        // for (j = 0; j < 5; j++)
        -:  172:        //	{
        -:  173:        //	  drawCard(i, state);
        -:  174:        //	}
       10:  175:    }
        -:  176:
        -:  177:    //set embargo tokens to 0 for all supply piles
      280:  178:    for (i = 0; i <= treasure_map; i++)
branch  0 taken 96%
branch  1 taken 4%
        -:  179:    {
      135:  180:        state->embargoTokens[i] = 0;
      135:  181:    }
        -:  182:
        -:  183:    //initialize first player's turn
        5:  184:    state->outpostPlayed = 0;
        5:  185:    state->phase = 0;
        5:  186:    state->numActions = 1;
        5:  187:    state->numBuys = 1;
        5:  188:    state->playedCardCount = 0;
        5:  189:    state->whoseTurn = 0;
        5:  190:    state->handCount[state->whoseTurn] = 0;
        -:  191:    //int it; move to top
        -:  192:
        -:  193:    //Moved draw cards to here, only drawing at the start of a turn
       60:  194:    for (it = 0; it < 5; it++) {
branch  0 taken 83%
branch  1 taken 17%
       25:  195:        drawCard(state->whoseTurn, state);
       25:  196:    }
        -:  197:
        5:  198:    updateCoins(state->whoseTurn, state, 0);
        -:  199:
        5:  200:    return 0;
        5:  201:}
        -:  202:
function shuffle called 11 returned 100% blocks executed 100%
        -:  203:int shuffle(int player, struct gameState *state) {
        -:  204:
        -:  205:
        -:  206:    int newDeck[MAX_DECK];
       11:  207:    int newDeckPos = 0;
        -:  208:    int card;
        -:  209:    int i;
        -:  210:
       11:  211:    if (state->deckCount[player] < 1)
branch  0 taken 9%
branch  1 taken 91%
        1:  212:        return -1;
       10:  213:    qsort ((void*)(state->deck[player]), state->deckCount[player], sizeof(int), compare);
        -:  214:    /* SORT CARDS IN DECK TO ENSURE DETERMINISM! */
        -:  215:
      220:  216:    while (state->deckCount[player] > 0) {
branch  0 taken 91%
branch  1 taken 9%
      100:  217:        card = floor(Random() * state->deckCount[player]);
      100:  218:        newDeck[newDeckPos] = state->deck[player][card];
      100:  219:        newDeckPos++;
      570:  220:        for (i = card; i < state->deckCount[player]-1; i++) {
branch  0 taken 65%
branch  1 taken 35%
      185:  221:            state->deck[player][i] = state->deck[player][i+1];
      185:  222:        }
      100:  223:        state->deckCount[player]--;
        -:  224:    }
      220:  225:    for (i = 0; i < newDeckPos; i++) {
branch  0 taken 91%
branch  1 taken 9%
      100:  226:        state->deck[player][i] = newDeck[i];
      100:  227:        state->deckCount[player]++;
      100:  228:    }
        -:  229:
       10:  230:    return 0;
       11:  231:}
        -:  232:
function playCard called 0 returned 0% blocks executed 0%
        -:  233:int playCard(int handPos, int choice1, int choice2, int choice3, struct gameState *state)
        -:  234:{
        -:  235:    int card;
    #####:  236:    int coin_bonus = 0; 		//tracks coins gain from actions
        -:  237:
        -:  238:    //check if it is the right phase
    #####:  239:    if (state->phase != 0)
branch  0 never executed
branch  1 never executed
        -:  240:    {
    #####:  241:        return -1;
        -:  242:    }
        -:  243:
        -:  244:    //check if player has enough actions
    #####:  245:    if ( state->numActions < 1 )
branch  0 never executed
branch  1 never executed
        -:  246:    {
    #####:  247:        return -1;
        -:  248:    }
        -:  249:
        -:  250:    //get card played
    #####:  251:    card = handCard(handPos, state);
        -:  252:
        -:  253:    //check if selected card is an action
    #####:  254:    if ( card < adventurer || card > treasure_map )
branch  0 never executed
branch  1 never executed
branch  2 never executed
branch  3 never executed
        -:  255:    {
    #####:  256:        return -1;
        -:  257:    }
        -:  258:
        -:  259:    //play card
    #####:  260:    if ( cardEffect(card, choice1, choice2, choice3, state, handPos, &coin_bonus) < 0 )
branch  0 never executed
branch  1 never executed
        -:  261:    {
    #####:  262:        return -1;
        -:  263:    }
        -:  264:
        -:  265:    //reduce number of actions
    #####:  266:    state->numActions--;
        -:  267:
        -:  268:    //update coins (Treasure cards may be added with card draws)
    #####:  269:    updateCoins(state->whoseTurn, state, coin_bonus);
        -:  270:
    #####:  271:    return 0;
    #####:  272:}
        -:  273:
function buyCard called 0 returned 0% blocks executed 0%
        -:  274:int buyCard(int supplyPos, struct gameState *state) {
        -:  275:    int who;
        -:  276:    if (DEBUG) {
        -:  277:        printf("Entering buyCard...\n");
        -:  278:    }
        -:  279:
        -:  280:    // I don't know what to do about the phase thing.
        -:  281:
    #####:  282:    who = state->whoseTurn;
        -:  283:
    #####:  284:    if (state->numBuys < 1) {
branch  0 never executed
branch  1 never executed
        -:  285:        if (DEBUG)
        -:  286:            printf("You do not have any buys left\n");
    #####:  287:        return -1;
    #####:  288:    } else if (supplyCount(supplyPos, state) <1) {
branch  0 never executed
branch  1 never executed
        -:  289:        if (DEBUG)
        -:  290:            printf("There are not any of that type of card left\n");
    #####:  291:        return -1;
    #####:  292:    } else if (state->coins < getCost(supplyPos)) {
branch  0 never executed
branch  1 never executed
        -:  293:        if (DEBUG)
        -:  294:            printf("You do not have enough money to buy that. You have %d coins.\n", state->coins);
    #####:  295:        return -1;
        -:  296:    } else {
    #####:  297:        state->phase=1;
        -:  298:        //state->supplyCount[supplyPos]--;
    #####:  299:        gainCard(supplyPos, state, 0, who); //card goes in discard, this might be wrong.. (2 means goes into hand, 0 goes into discard)
        -:  300:
    #####:  301:        state->coins = (state->coins) - (getCost(supplyPos));
    #####:  302:        state->numBuys--;
        -:  303:        if (DEBUG)
        -:  304:            printf("You bought card number %d for %d coins. You now have %d buys and %d coins.\n", supplyPos, getCost(supplyPos), state->numBuys, state->coins);
        -:  305:    }
        -:  306:
        -:  307:    //state->discard[who][state->discardCount[who]] = supplyPos;
        -:  308:    //state->discardCount[who]++;
        -:  309:
    #####:  310:    return 0;
    #####:  311:}
        -:  312:
function numHandCards called 4 returned 100% blocks executed 100%
        -:  313:int numHandCards(struct gameState *state) {
        4:  314:    return state->handCount[ whoseTurn(state) ];
        -:  315:}
        -:  316:
function handCard called 0 returned 0% blocks executed 0%
        -:  317:int handCard(int handPos, struct gameState *state) {
    #####:  318:    int currentPlayer = whoseTurn(state);
    #####:  319:    return state->hand[currentPlayer][handPos];
        -:  320:}
        -:  321:
function supplyCount called 4 returned 100% blocks executed 100%
        -:  322:int supplyCount(int card, struct gameState *state) {
        4:  323:    return state->supplyCount[card];
        -:  324:}
        -:  325:
function fullDeckCount called 0 returned 0% blocks executed 0%
        -:  326:int fullDeckCount(int player, int card, struct gameState *state) {
        -:  327:    int i;
    #####:  328:    int count = 0;
        -:  329:
    #####:  330:    for (i = 0; i < state->deckCount[player]; i++)
branch  0 never executed
branch  1 never executed
        -:  331:    {
    #####:  332:        if (state->deck[player][i] == card) count++;
branch  0 never executed
branch  1 never executed
    #####:  333:    }
        -:  334:
    #####:  335:    for (i = 0; i < state->handCount[player]; i++)
branch  0 never executed
branch  1 never executed
        -:  336:    {
    #####:  337:        if (state->hand[player][i] == card) count++;
branch  0 never executed
branch  1 never executed
    #####:  338:    }
        -:  339:
    #####:  340:    for (i = 0; i < state->discardCount[player]; i++)
branch  0 never executed
branch  1 never executed
        -:  341:    {
    #####:  342:        if (state->discard[player][i] == card) count++;
branch  0 never executed
branch  1 never executed
    #####:  343:    }
        -:  344:
    #####:  345:    return count;
        -:  346:}
        -:  347:
function whoseTurn called 9 returned 100% blocks executed 100%
        -:  348:int whoseTurn(struct gameState *state) {
        9:  349:    return state->whoseTurn;
        -:  350:}
        -:  351:
function endTurn called 5 returned 100% blocks executed 92%
        -:  352:int endTurn(struct gameState *state) {
        -:  353:    int k;
        -:  354:    int i;
        5:  355:    int currentPlayer = whoseTurn(state);
        -:  356:
        -:  357:    //Discard hand
       46:  358:    for (i = 0; i < state->handCount[currentPlayer]; i++) {
branch  0 taken 78%
branch  1 taken 22%
       18:  359:        state->discard[currentPlayer][state->discardCount[currentPlayer]++] = state->hand[currentPlayer][i];//Discard
       18:  360:        state->hand[currentPlayer][i] = -1;//Set card to -1
       18:  361:    }
        5:  362:    state->handCount[currentPlayer] = 0;//Reset hand count
        -:  363:
        -:  364:    //Code for determining the player
        5:  365:    if (currentPlayer < (state->numPlayers - 1)) {
branch  0 taken 100%
branch  1 taken 0%
        5:  366:        state->whoseTurn = currentPlayer + 1;//Still safe to increment
        5:  367:    }
        -:  368:    else {
    #####:  369:        state->whoseTurn = 0;//Max player has been reached, loop back around to player 1
        -:  370:    }
        -:  371:
        5:  372:    state->outpostPlayed = 0;
        5:  373:    state->phase = 0;
        5:  374:    state->numActions = 1;
        5:  375:    state->coins = 0;
        5:  376:    state->numBuys = 1;
        5:  377:    state->playedCardCount = 0;
        5:  378:    state->handCount[state->whoseTurn] = 0;
        -:  379:
        -:  380:    //int k; move to top
        -:  381:    //Next player draws hand
       60:  382:    for (k = 0; k < 5; k++) {
branch  0 taken 83%
branch  1 taken 17%
       25:  383:        drawCard(state->whoseTurn, state);//Draw a card
       25:  384:    }
        -:  385:
        -:  386:    //Update money
        5:  387:    updateCoins(state->whoseTurn, state, 0);
        -:  388:
        5:  389:    return 0;
        -:  390:}
        -:  391:
function isGameOver called 0 returned 0% blocks executed 0%
        -:  392:int isGameOver(struct gameState *state) {
        -:  393:    int i;
        -:  394:    int j;
        -:  395:
        -:  396:    //if stack of Province cards is empty, the game ends
    #####:  397:    if (state->supplyCount[province] == 0)
branch  0 never executed
branch  1 never executed
        -:  398:    {
    #####:  399:        return 1;
        -:  400:    }
        -:  401:
        -:  402:    //if three supply pile are at 0, the game ends
    #####:  403:    j = 0;
    #####:  404:    for (i = 0; i < 25; i++)
branch  0 never executed
branch  1 never executed
        -:  405:    {
    #####:  406:        if (state->supplyCount[i] == 0)
branch  0 never executed
branch  1 never executed
        -:  407:        {
    #####:  408:            j++;
    #####:  409:        }
    #####:  410:    }
    #####:  411:    if ( j >= 3)
branch  0 never executed
branch  1 never executed
        -:  412:    {
    #####:  413:        return 1;
        -:  414:    }
        -:  415:
    #####:  416:    return 0;
    #####:  417:}
        -:  418:
function scoreFor called 0 returned 0% blocks executed 0%
        -:  419:int scoreFor (int player, struct gameState *state) {
        -:  420:
        -:  421:    int i;
    #####:  422:    int score = 0;
        -:  423:    //score from hand
    #####:  424:    for (i = 0; i < state->handCount[player]; i++)
branch  0 never executed
branch  1 never executed
        -:  425:    {
    #####:  426:        if (state->hand[player][i] == curse) {
branch  0 never executed
branch  1 never executed
    #####:  427:            score = score - 1;
    #####:  428:        };
    #####:  429:        if (state->hand[player][i] == estate) {
branch  0 never executed
branch  1 never executed
    #####:  430:            score = score + 1;
    #####:  431:        };
    #####:  432:        if (state->hand[player][i] == duchy) {
branch  0 never executed
branch  1 never executed
    #####:  433:            score = score + 3;
    #####:  434:        };
    #####:  435:        if (state->hand[player][i] == province) {
branch  0 never executed
branch  1 never executed
    #####:  436:            score = score + 6;
    #####:  437:        };
    #####:  438:        if (state->hand[player][i] == great_hall) {
branch  0 never executed
branch  1 never executed
    #####:  439:            score = score + 1;
    #####:  440:        };
    #####:  441:        if (state->hand[player][i] == gardens) {
branch  0 never executed
branch  1 never executed
    #####:  442:            score = score + ( fullDeckCount(player, 0, state) / 10 );
    #####:  443:        };
    #####:  444:    }
        -:  445:
        -:  446:    //score from discard
    #####:  447:    for (i = 0; i < state->discardCount[player]; i++)
branch  0 never executed
branch  1 never executed
        -:  448:    {
    #####:  449:        if (state->discard[player][i] == curse) {
branch  0 never executed
branch  1 never executed
    #####:  450:            score = score - 1;
    #####:  451:        };
    #####:  452:        if (state->discard[player][i] == estate) {
branch  0 never executed
branch  1 never executed
    #####:  453:            score = score + 1;
    #####:  454:        };
    #####:  455:        if (state->discard[player][i] == duchy) {
branch  0 never executed
branch  1 never executed
    #####:  456:            score = score + 3;
    #####:  457:        };
    #####:  458:        if (state->discard[player][i] == province) {
branch  0 never executed
branch  1 never executed
    #####:  459:            score = score + 6;
    #####:  460:        };
    #####:  461:        if (state->discard[player][i] == great_hall) {
branch  0 never executed
branch  1 never executed
    #####:  462:            score = score + 1;
    #####:  463:        };
    #####:  464:        if (state->discard[player][i] == gardens) {
branch  0 never executed
branch  1 never executed
    #####:  465:            score = score + ( fullDeckCount(player, 0, state) / 10 );
    #####:  466:        };
    #####:  467:    }
        -:  468:
        -:  469:    //score from deck
    #####:  470:    for (i = 0; i < state->discardCount[player]; i++)
branch  0 never executed
branch  1 never executed
        -:  471:    {
    #####:  472:        if (state->deck[player][i] == curse) {
branch  0 never executed
branch  1 never executed
    #####:  473:            score = score - 1;
    #####:  474:        };
    #####:  475:        if (state->deck[player][i] == estate) {
branch  0 never executed
branch  1 never executed
    #####:  476:            score = score + 1;
    #####:  477:        };
    #####:  478:        if (state->deck[player][i] == duchy) {
branch  0 never executed
branch  1 never executed
    #####:  479:            score = score + 3;
    #####:  480:        };
    #####:  481:        if (state->deck[player][i] == province) {
branch  0 never executed
branch  1 never executed
    #####:  482:            score = score + 6;
    #####:  483:        };
    #####:  484:        if (state->deck[player][i] == great_hall) {
branch  0 never executed
branch  1 never executed
    #####:  485:            score = score + 1;
    #####:  486:        };
    #####:  487:        if (state->deck[player][i] == gardens) {
branch  0 never executed
branch  1 never executed
    #####:  488:            score = score + ( fullDeckCount(player, 0, state) / 10 );
    #####:  489:        };
    #####:  490:    }
        -:  491:
    #####:  492:    return score;
        -:  493:}
        -:  494:
function getWinners called 0 returned 0% blocks executed 0%
        -:  495:int getWinners(int players[MAX_PLAYERS], struct gameState *state) {
        -:  496:    int i;
        -:  497:    int j;
        -:  498:    int highScore;
        -:  499:    int currentPlayer;
        -:  500:
        -:  501:    //get score for each player
    #####:  502:    for (i = 0; i < MAX_PLAYERS; i++)
branch  0 never executed
branch  1 never executed
        -:  503:    {
        -:  504:        //set unused player scores to -9999
    #####:  505:        if (i >= state->numPlayers)
branch  0 never executed
branch  1 never executed
        -:  506:        {
    #####:  507:            players[i] = -9999;
    #####:  508:        }
        -:  509:        else
        -:  510:        {
    #####:  511:            players[i] = scoreFor (i, state);
        -:  512:        }
    #####:  513:    }
        -:  514:
        -:  515:    //find highest score
    #####:  516:    j = 0;
    #####:  517:    for (i = 0; i < MAX_PLAYERS; i++)
branch  0 never executed
branch  1 never executed
        -:  518:    {
    #####:  519:        if (players[i] > players[j])
branch  0 never executed
branch  1 never executed
        -:  520:        {
    #####:  521:            j = i;
    #####:  522:        }
    #####:  523:    }
    #####:  524:    highScore = players[j];
        -:  525:
        -:  526:    //add 1 to players who had less turns
    #####:  527:    currentPlayer = whoseTurn(state);
    #####:  528:    for (i = 0; i < MAX_PLAYERS; i++)
branch  0 never executed
branch  1 never executed
        -:  529:    {
    #####:  530:        if ( players[i] == highScore && i > currentPlayer )
branch  0 never executed
branch  1 never executed
branch  2 never executed
branch  3 never executed
        -:  531:        {
    #####:  532:            players[i]++;
    #####:  533:        }
    #####:  534:    }
        -:  535:
        -:  536:    //find new highest score
    #####:  537:    j = 0;
    #####:  538:    for (i = 0; i < MAX_PLAYERS; i++)
branch  0 never executed
branch  1 never executed
        -:  539:    {
    #####:  540:        if ( players[i] > players[j] )
branch  0 never executed
branch  1 never executed
        -:  541:        {
    #####:  542:            j = i;
    #####:  543:        }
    #####:  544:    }
    #####:  545:    highScore = players[j];
        -:  546:
        -:  547:    //set winners in array to 1 and rest to 0
    #####:  548:    for (i = 0; i < MAX_PLAYERS; i++)
branch  0 never executed
branch  1 never executed
        -:  549:    {
    #####:  550:        if ( players[i] == highScore )
branch  0 never executed
branch  1 never executed
        -:  551:        {
    #####:  552:            players[i] = 1;
    #####:  553:        }
        -:  554:        else
        -:  555:        {
    #####:  556:            players[i] = 0;
        -:  557:        }
    #####:  558:    }
        -:  559:
    #####:  560:    return 0;
        -:  561:}
        -:  562:
function drawCard called 55 returned 100% blocks executed 75%
        -:  563:int drawCard(int player, struct gameState *state)
        -:  564:{   int count;
        -:  565:    int deckCounter;
       55:  566:    if (state->deckCount[player] <= 0) { //Deck is empty
branch  0 taken 2%
branch  1 taken 98%
        -:  567:
        -:  568:        //Step 1 Shuffle the discard pile back into a deck
        -:  569:        int i;
        -:  570:        //Move discard to deck
        2:  571:        for (i = 0; i < state->discardCount[player]; i++) {
branch  0 taken 0%
branch  1 taken 100%
    #####:  572:            state->deck[player][i] = state->discard[player][i];
    #####:  573:            state->discard[player][i] = -1;
    #####:  574:        }
        -:  575:
        1:  576:        state->deckCount[player] = state->discardCount[player];
        1:  577:        state->discardCount[player] = 0;//Reset discard
        -:  578:
        -:  579:        //Shufffle the deck
        1:  580:        shuffle(player, state);//Shuffle the deck up and make it so that we can draw
        -:  581:
        -:  582:        if (DEBUG) { //Debug statements
        -:  583:            printf("Deck count now: %d\n", state->deckCount[player]);
        -:  584:        }
        -:  585:
        1:  586:        state->discardCount[player] = 0;
        -:  587:
        -:  588:        //Step 2 Draw Card
        1:  589:        count = state->handCount[player];//Get current player's hand count
        -:  590:
        -:  591:        if (DEBUG) { //Debug statements
        -:  592:            printf("Current hand count: %d\n", count);
        -:  593:        }
        -:  594:
        1:  595:        deckCounter = state->deckCount[player];//Create a holder for the deck count
        -:  596:
        1:  597:        if (deckCounter == 0)
branch  0 taken 100%
branch  1 taken 0%
        1:  598:            return -1;
        -:  599:
    #####:  600:        state->hand[player][count] = state->deck[player][deckCounter - 1];//Add card to hand
    #####:  601:        state->deckCount[player]--;
    #####:  602:        state->handCount[player]++;//Increment hand count
    #####:  603:    }
        -:  604:
        -:  605:    else {
       54:  606:        int count = state->handCount[player];//Get current hand count for player
        -:  607:        int deckCounter;
        -:  608:        if (DEBUG) { //Debug statements
        -:  609:            printf("Current hand count: %d\n", count);
        -:  610:        }
        -:  611:
       54:  612:        deckCounter = state->deckCount[player];//Create holder for the deck count
       54:  613:        state->hand[player][count] = state->deck[player][deckCounter - 1];//Add card to the hand
       54:  614:        state->deckCount[player]--;
       54:  615:        state->handCount[player]++;//Increment hand count
        -:  616:    }
        -:  617:
       54:  618:    return 0;
       55:  619:}
        -:  620:
function getCost called 0 returned 0% blocks executed 0%
        -:  621:int getCost(int cardNumber)
        -:  622:{
    #####:  623:    switch( cardNumber )
branch  0 never executed
branch  1 never executed
branch  2 never executed
branch  3 never executed
branch  4 never executed
branch  5 never executed
branch  6 never executed
branch  7 never executed
branch  8 never executed
branch  9 never executed
branch 10 never executed
branch 11 never executed
branch 12 never executed
branch 13 never executed
branch 14 never executed
branch 15 never executed
branch 16 never executed
branch 17 never executed
branch 18 never executed
branch 19 never executed
branch 20 never executed
branch 21 never executed
branch 22 never executed
branch 23 never executed
branch 24 never executed
branch 25 never executed
branch 26 never executed
branch 27 never executed
        -:  624:    {
        -:  625:    case curse:
    #####:  626:        return 0;
        -:  627:    case estate:
    #####:  628:        return 2;
        -:  629:    case duchy:
    #####:  630:        return 5;
        -:  631:    case province:
    #####:  632:        return 8;
        -:  633:    case copper:
    #####:  634:        return 0;
        -:  635:    case silver:
    #####:  636:        return 3;
        -:  637:    case gold:
    #####:  638:        return 6;
        -:  639:    case adventurer:
    #####:  640:        return 6;
        -:  641:    case council_room:
    #####:  642:        return 5;
        -:  643:    case feast:
    #####:  644:        return 4;
        -:  645:    case gardens:
    #####:  646:        return 4;
        -:  647:    case mine:
    #####:  648:        return 5;
        -:  649:    case remodel:
    #####:  650:        return 4;
        -:  651:    case smithy:
    #####:  652:        return 4;
        -:  653:    case village:
    #####:  654:        return 3;
        -:  655:    case baron:
    #####:  656:        return 4;
        -:  657:    case great_hall:
    #####:  658:        return 3;
        -:  659:    case minion:
    #####:  660:        return 5;
        -:  661:    case steward:
    #####:  662:        return 3;
        -:  663:    case tribute:
    #####:  664:        return 5;
        -:  665:    case ambassador:
    #####:  666:        return 3;
        -:  667:    case cutpurse:
    #####:  668:        return 4;
        -:  669:    case embargo:
    #####:  670:        return 2;
        -:  671:    case outpost:
    #####:  672:        return 5;
        -:  673:    case salvager:
    #####:  674:        return 4;
        -:  675:    case sea_hag:
    #####:  676:        return 4;
        -:  677:    case treasure_map:
    #####:  678:        return 4;
        -:  679:    }
        -:  680:
    #####:  681:    return -1;
    #####:  682:}
        -:  683:
function baronEffect called 1 returned 100% blocks executed 26%
        -:  684:int baronEffect(struct gameState *state, int choice1, int currentPlayer) {
        1:  685:    currentPlayer = 0;
        1:  686:    state->numBuys++;//Increase buys by 1!
        1:  687:    if (choice1 > 0) { //Boolean true or going to discard an estate
branch  0 taken 0%
branch  1 taken 100%
        -:  688://        int p;//Iterator for hand!
    #####:  689:        int p = 0;
    #####:  690:        int card_not_discarded = 1;//Flag for discard set!
    #####:  691:        while(card_not_discarded) {
branch  0 never executed
branch  1 never executed
    #####:  692:            if (state->hand[currentPlayer][p] == estate) { //Found an estate card!
branch  0 never executed
branch  1 never executed
    #####:  693:                state->coins += 4;//Add 4 coins to the amount of coins
    #####:  694:                state->discard[currentPlayer][state->discardCount[currentPlayer]] = state->hand[currentPlayer][p];
    #####:  695:                state->discardCount[currentPlayer]++;
    #####:  696:                for (; p < state->handCount[currentPlayer]; p++) {
branch  0 never executed
branch  1 never executed
    #####:  697:                    state->hand[currentPlayer][p] = state->hand[currentPlayer][p+1];
    #####:  698:                }
    #####:  699:                state->hand[currentPlayer][state->handCount[currentPlayer]] = -1;
    #####:  700:                state->handCount[currentPlayer]--;
    #####:  701:                card_not_discarded = 0;//Exit the loop
    #####:  702:            }
    #####:  703:            else if (p > state->handCount[currentPlayer]) {
branch  0 never executed
branch  1 never executed
        -:  704:                if(DEBUG) {
        -:  705:                    printf("No estate cards in your hand, invalid choice\n");
        -:  706:                    printf("Must gain an estate if there are any\n");
        -:  707:                }
    #####:  708:                if (supplyCount(estate, state) > 0) {
branch  0 never executed
branch  1 never executed
    #####:  709:                    gainCard(estate, state, 0, currentPlayer);
        -:  710:
    #####:  711:                    state->supplyCount[estate]--;//Decrement estates
    #####:  712:                    if (supplyCount(estate, state) == 0) {
branch  0 never executed
branch  1 never executed
    #####:  713:                        isGameOver(state);
    #####:  714:                    }
    #####:  715:                }
    #####:  716:                card_not_discarded = 0;//Exit the loop
    #####:  717:            }
        -:  718:
        -:  719:            else {
    #####:  720:                p++;//Next card
        -:  721:            }
        -:  722:        }
    #####:  723:    }
        -:  724:
        -:  725:    else {
        1:  726:        if (supplyCount(estate, state) > 0) {
branch  0 taken 100%
branch  1 taken 0%
        1:  727:            gainCard(estate, state, 0, currentPlayer);//Gain an estate
        -:  728:
        1:  729:            state->supplyCount[estate]--;//Decrement Estates
        1:  730:            if (supplyCount(estate, state) == 0) {
branch  0 taken 0%
branch  1 taken 100%
    #####:  731:                isGameOver(state);
    #####:  732:            }
        1:  733:        }
        -:  734:    }
        -:  735:
        -:  736:
        1:  737:    return 0;
        -:  738:}
        -:  739:
function minionEffect called 1 returned 100% blocks executed 68%
        -:  740:int minionEffect(struct gameState *state, int choice1, int choice2, int handPos, int i, int j, int currentPlayer) {
        -:  741:    //+1 action
        1:  742:    state->numActions++;
        -:  743:
        -:  744:    //discard card from hand
        1:  745:    discardCard(handPos, currentPlayer, state, 0);
        -:  746:
        1:  747:    int numCardsDrawn = 0;
        -:  748:
        1:  749:    if (choice1)
branch  0 taken 0%
branch  1 taken 100%
        -:  750:    {
    #####:  751:        state->coins = state->coins + 2;
    #####:  752:    }
        1:  753:    else if (choice2)		//discard hand, redraw 4, other players with 5+ cards discard hand and draw 4
branch  0 taken 100%
branch  1 taken 0%
        -:  754:    {
        -:  755:        //discard hand
        8:  756:        while(numHandCards(state) > 0)
branch  0 taken 75%
branch  1 taken 25%
        -:  757:        {
        3:  758:            discardCard(handPos, currentPlayer, state, 0);
        -:  759:        }
        -:  760:
        -:  761:        //draw 4
        8:  762:        for (i = 1  ; i < 4; i++)
branch  0 taken 75%
branch  1 taken 25%
        -:  763:        {
        3:  764:            drawCard(currentPlayer, state);
        3:  765:            numCardsDrawn++;
        3:  766:        }
        -:  767:
        -:  768:        //other players discard hand and redraw if hand size > 4
        6:  769:        for (i = 0; i < state->numPlayers; i++)
branch  0 taken 67%
branch  1 taken 33%
        -:  770:        {
        2:  771:            if (i != currentPlayer)
branch  0 taken 50%
branch  1 taken 50%
        -:  772:            {
        1:  773:                if ( state->handCount[i] > 4 )
branch  0 taken 0%
branch  1 taken 100%
        -:  774:                {
        -:  775:                    //discard hand
    #####:  776:                    while( state->handCount[i] > 0 )
branch  0 never executed
branch  1 never executed
        -:  777:                    {
    #####:  778:                        discardCard(handPos, i, state, 0);
        -:  779:                    }
        -:  780:
        -:  781:                    //draw 4
    #####:  782:                    for (j = 0; j < 4; j++)
branch  0 never executed
branch  1 never executed
        -:  783:                    {
    #####:  784:                        drawCard(j, state);
    #####:  785:                    }
    #####:  786:                }
        1:  787:            }
        2:  788:        }
        -:  789:
        1:  790:    }
        1:  791:    return numCardsDrawn;
        -:  792:}
        -:  793:
function ambassadorEffect called 1 returned 100% blocks executed 79%
        -:  794:int ambassadorEffect(struct gameState *state, int choice1, int choice2, int handPos, int i, int j, int currentPlayer) {
        1:  795:    if (choice2 > 2 && choice2 < 0)
branch  0 taken 0%
branch  1 taken 100%
branch  2 never executed
branch  3 never executed
        -:  796:    {
    #####:  797:        return -1;
        -:  798:    }
        -:  799:
        1:  800:    if (choice1 == handPos)
branch  0 taken 0%
branch  1 taken 100%
        -:  801:    {
    #####:  802:        return -1;
        -:  803:    }
        -:  804:
        1:  805:    int jPlaceholder = j;
        -:  806:
       10:  807:    for (i = 0; i < state->handCount[currentPlayer]; i++)
branch  0 taken 80%
branch  1 taken 20%
        -:  808:    {
        8:  809:        if (i != handPos && i == state->hand[currentPlayer][choice1] && i != choice1)
branch  0 taken 75%
branch  1 taken 25%
branch  2 taken 33%
branch  3 taken 67%
branch  4 taken 0%
branch  5 taken 100%
        -:  810:        {
    #####:  811:            j++;
    #####:  812:        }
        4:  813:    }
        1:  814:    if (j < choice2)
branch  0 taken 0%
branch  1 taken 100%
        -:  815:    {
    #####:  816:        return -1;
        -:  817:    }
        -:  818:
        -:  819:    if (DEBUG)
        -:  820:        printf("Player %d reveals card number: %d\n", currentPlayer, state->hand[currentPlayer][choice1]);
        -:  821:
        -:  822:    //increase supply count for choosen card by amount being discarded
        1:  823:    state->supplyCount[state->hand[currentPlayer][choice1]] += choice2;
        -:  824:
        -:  825:    //each other player gains a copy of revealed card
        6:  826:    for (i = 0; i < state->numPlayers; i++)
branch  0 taken 67%
branch  1 taken 33%
        -:  827:    {
        2:  828:        if (i != currentPlayer)
branch  0 taken 50%
branch  1 taken 50%
        -:  829:        {
        1:  830:            gainCard(state->hand[currentPlayer][choice1], state, 0, i);
        1:  831:        }
        2:  832:    }
        -:  833:
        -:  834:    //discard played card from hand
        1:  835:    discardCard(handPos, currentPlayer, state, 0);
        -:  836:
        -:  837:    //trash copies of cards returned to supply
        4:  838:    for (j = 0; j < choice2; j++)
branch  0 taken 50%
branch  1 taken 50%
        -:  839:    {
        2:  840:        for (i = 0; i < state->handCount[currentPlayer]; i++)
branch  0 taken 100%
branch  1 taken 0%
        -:  841:        {
        1:  842:            if (state->hand[currentPlayer][i] == state->hand[currentPlayer][choice1])
branch  0 taken 100%
branch  1 taken 0%
        -:  843:            {
        1:  844:                discardCard(i, currentPlayer, state, 1);
        1:  845:                break;
        -:  846:            }
    #####:  847:        }
        1:  848:    }
        -:  849:
        1:  850:    return jPlaceholder;
        1:  851:}
        -:  852:
function tributeEffect called 1 returned 100% blocks executed 48%
        -:  853:int tributeEffect(struct gameState *state, int tributeRevealedCards[], int i, int currentPlayer, int nextPlayer) {
        1:  854:    nextPlayer = 0;
        1:  855:    int nextPlayerReturn = nextPlayer;
        1:  856:    if ((state->discardCount[nextPlayer] + state->deckCount[nextPlayer]) <= 1) {
branch  0 taken 0%
branch  1 taken 100%
    #####:  857:        if (state->deckCount[nextPlayer] > 0) {
branch  0 never executed
branch  1 never executed
    #####:  858:            tributeRevealedCards[0] = state->deck[nextPlayer][state->deckCount[nextPlayer]-1];
    #####:  859:            state->deckCount[nextPlayer]--;
    #####:  860:        }
    #####:  861:        else if (state->discardCount[nextPlayer] > 0) {
branch  0 never executed
branch  1 never executed
    #####:  862:            tributeRevealedCards[0] = state->discard[nextPlayer][state->discardCount[nextPlayer]-1];
    #####:  863:            state->discardCount[nextPlayer]--;
    #####:  864:        }
        -:  865:        else {
        -:  866:            //No Card to Reveal
        -:  867:            if (DEBUG) {
        -:  868:                printf("No cards to reveal\n");
        -:  869:            }
        -:  870:        }
    #####:  871:    }
        -:  872:
        -:  873:    else {
        1:  874:        if (state->deckCount[nextPlayer] == 0) {
branch  0 taken 0%
branch  1 taken 100%
    #####:  875:            for (i = 0; i < state->discardCount[nextPlayer]; i++) {
branch  0 never executed
branch  1 never executed
    #####:  876:                state->deck[nextPlayer][i] = state->discard[nextPlayer][i];//Move to deck
    #####:  877:                state->deckCount[nextPlayer]++;
    #####:  878:                state->discard[nextPlayer][i] = -1;
    #####:  879:                state->discardCount[nextPlayer]--;
    #####:  880:            }
        -:  881:
    #####:  882:            shuffle(nextPlayer,state);//Shuffle the deck
    #####:  883:        }
        1:  884:        tributeRevealedCards[0] = state->deck[nextPlayer][state->deckCount[nextPlayer]-1];
        1:  885:        state->deck[nextPlayer][state->deckCount[nextPlayer]--] = -1;
        1:  886:        state->deckCount[nextPlayer]--;
        1:  887:        tributeRevealedCards[1] = state->deck[nextPlayer][state->deckCount[nextPlayer]-1];
        1:  888:        state->deck[nextPlayer][state->deckCount[nextPlayer]--] = -1;
        1:  889:        state->deckCount[nextPlayer]--;
        -:  890:    }
        -:  891:
        1:  892:    if (tributeRevealedCards[0] == tributeRevealedCards[1]) { //If we have a duplicate card, just drop one
branch  0 taken 0%
branch  1 taken 100%
    #####:  893:        state->playedCards[state->playedCardCount] = tributeRevealedCards[1];
    #####:  894:        state->playedCardCount++;
    #####:  895:        tributeRevealedCards[1] = -1;
    #####:  896:    }
        -:  897:
        6:  898:    for (i = 0; i < 2; i ++) {
branch  0 taken 67%
branch  1 taken 33%
        4:  899:        if (tributeRevealedCards[i] == copper || tributeRevealedCards[i] == silver || tributeRevealedCards[i] == gold) { //Treasure cards
branch  0 taken 50%
branch  1 taken 50%
branch  2 taken 100%
branch  3 taken 0%
branch  4 taken 0%
branch  5 taken 100%
        1:  900:            state->coins += 2;
        1:  901:        }
        -:  902:
        1:  903:        else if (tributeRevealedCards[i] == estate || tributeRevealedCards[i] == duchy || tributeRevealedCards[i] == province || tributeRevealedCards[i] == gardens || tributeRevealedCards[i] == great_hall) { //Victory Card Found
branch  0 taken 0%
branch  1 taken 100%
branch  2 never executed
branch  3 never executed
branch  4 never executed
branch  5 never executed
branch  6 never executed
branch  7 never executed
branch  8 never executed
branch  9 never executed
        1:  904:            drawCard(currentPlayer, state);
        1:  905:            drawCard(currentPlayer, state);
        1:  906:        }
        -:  907:        else { //Action Card
    #####:  908:            state->numActions = state->numActions + 2;
        -:  909:        }
        2:  910:    }
        -:  911:
        1:  912:    return nextPlayerReturn;
        -:  913:}
        -:  914:
function mineEffect called 1 returned 100% blocks executed 23%
        -:  915:int mineEffect(struct gameState *state, int choice1, int choice2, int handPos, int i, int j, int currentPlayer) {
        1:  916:    j = state->hand[currentPlayer][choice1];  //store card we will trash
        -:  917:
        1:  918:    if (state->hand[currentPlayer][choice1] < copper || state->hand[currentPlayer][choice1] > gold)
branch  0 taken 0%
branch  1 taken 100%
branch  2 never executed
branch  3 never executed
        -:  919:    {
        1:  920:        return -1;
        -:  921:    }
        -:  922:
    #####:  923:    if (choice2 > treasure_map || choice2 < curse)
branch  0 never executed
branch  1 never executed
branch  2 never executed
branch  3 never executed
        -:  924:    {
    #####:  925:        return -1;
        -:  926:    }
        -:  927:
    #####:  928:    if ( (getCost(state->hand[currentPlayer][choice1]) + 3) >= getCost(choice2) )
branch  0 never executed
branch  1 never executed
        -:  929:    {
    #####:  930:        return -1;
        -:  931:    }
        -:  932:
    #####:  933:    gainCard(choice2, state, 2, currentPlayer);
        -:  934:
        -:  935:    //discard card from hand
    #####:  936:    discardCard(handPos, currentPlayer, state, 0);
        -:  937:
    #####:  938:    int numCardsDiscarded = 0;
        -:  939:    //discard trashed card
    #####:  940:    for (i = 0; i < state->handCount[currentPlayer]; i++)
branch  0 never executed
branch  1 never executed
        -:  941:    {
    #####:  942:        if (state->hand[currentPlayer][i] == j)
branch  0 never executed
branch  1 never executed
        -:  943:        {
    #####:  944:            numCardsDiscarded++;
    #####:  945:            discardCard(i, currentPlayer, state, 0);
    #####:  946:        }
    #####:  947:    }
        -:  948:
    #####:  949:    return numCardsDiscarded;
        1:  950:}
        -:  951:
function cardEffect called 0 returned 0% blocks executed 0%
        -:  952:int cardEffect(int card, int choice1, int choice2, int choice3, struct gameState *state, int handPos, int *bonus)
        -:  953:{
        -:  954:    int i;
        -:  955:    int j;
        -:  956:    int k;
        -:  957:    int x;
        -:  958:    int index;
    #####:  959:    int currentPlayer = whoseTurn(state);
    #####:  960:    int nextPlayer = currentPlayer + 1;
        -:  961:
    #####:  962:    int tributeRevealedCards[2] = {-1, -1};
        -:  963:    int temphand[MAX_HAND];// moved above the if statement
    #####:  964:    int drawntreasure=0;
        -:  965:    int cardDrawn;
    #####:  966:    int z = 0;// this is the counter for the temp hand
    #####:  967:    if (nextPlayer > (state->numPlayers - 1)) {
branch  0 never executed
branch  1 never executed
    #####:  968:        nextPlayer = 0;
    #####:  969:    }
        -:  970:
        -:  971:
        -:  972:    //uses switch to select card and perform actions
    #####:  973:    switch( card )
branch  0 never executed
branch  1 never executed
branch  2 never executed
branch  3 never executed
branch  4 never executed
branch  5 never executed
branch  6 never executed
branch  7 never executed
branch  8 never executed
branch  9 never executed
branch 10 never executed
branch 11 never executed
branch 12 never executed
branch 13 never executed
branch 14 never executed
branch 15 never executed
branch 16 never executed
branch 17 never executed
branch 18 never executed
branch 19 never executed
branch 20 never executed
        -:  974:    {
        -:  975:    case adventurer:
    #####:  976:        while(drawntreasure<2) {
branch  0 never executed
branch  1 never executed
    #####:  977:            if (state->deckCount[currentPlayer] <1) { //if the deck is empty we need to shuffle discard and add to deck
branch  0 never executed
branch  1 never executed
    #####:  978:                shuffle(currentPlayer, state);
    #####:  979:            }
    #####:  980:            drawCard(currentPlayer, state);
    #####:  981:            cardDrawn = state->hand[currentPlayer][state->handCount[currentPlayer]-1];//top card of hand is most recently drawn card.
    #####:  982:            if (cardDrawn == copper || cardDrawn == silver || cardDrawn == gold)
branch  0 never executed
branch  1 never executed
branch  2 never executed
branch  3 never executed
branch  4 never executed
branch  5 never executed
    #####:  983:                drawntreasure++;
        -:  984:            else {
    #####:  985:                temphand[z]=cardDrawn;
    #####:  986:                state->handCount[currentPlayer]--; //this should just remove the top card (the most recently drawn one).
    #####:  987:                z++;
        -:  988:            }
        -:  989:        }
    #####:  990:        while(z-1>=0) {
branch  0 never executed
branch  1 never executed
    #####:  991:            state->discard[currentPlayer][state->discardCount[currentPlayer]++]=temphand[z-1]; // discard all cards in play that have been drawn
    #####:  992:            z=z-1;
        -:  993:        }
    #####:  994:        return 0;
        -:  995:
        -:  996:    case council_room:
        -:  997:        //+4 Cards
    #####:  998:        for (i = 0; i < 4; i++)
branch  0 never executed
branch  1 never executed
        -:  999:        {
    #####: 1000:            drawCard(currentPlayer, state);
    #####: 1001:        }
        -: 1002:
        -: 1003:        //+1 Buy
    #####: 1004:        state->numBuys++;
        -: 1005:
        -: 1006:        //Each other player draws a card
    #####: 1007:        for (i = 0; i < state->numPlayers; i++)
branch  0 never executed
branch  1 never executed
        -: 1008:        {
    #####: 1009:            if ( i != currentPlayer )
branch  0 never executed
branch  1 never executed
        -: 1010:            {
    #####: 1011:                drawCard(i, state);
    #####: 1012:            }
    #####: 1013:        }
        -: 1014:
        -: 1015:        //put played card in played card pile
    #####: 1016:        discardCard(handPos, currentPlayer, state, 0);
        -: 1017:
    #####: 1018:        return 0;
        -: 1019:
        -: 1020:    case feast:
        -: 1021:        //gain card with cost up to 5
        -: 1022:        //Backup hand
    #####: 1023:        for (i = 0; i <= state->handCount[currentPlayer]; i++) {
branch  0 never executed
branch  1 never executed
    #####: 1024:            temphand[i] = state->hand[currentPlayer][i];//Backup card
    #####: 1025:            state->hand[currentPlayer][i] = -1;//Set to nothing
    #####: 1026:        }
        -: 1027:        //Backup hand
        -: 1028:
        -: 1029:        //Update Coins for Buy
    #####: 1030:        updateCoins(currentPlayer, state, 5);
    #####: 1031:        x = 1;//Condition to loop on
    #####: 1032:        while( x == 1) {//Buy one card
branch  0 never executed
branch  1 never executed
    #####: 1033:            if (supplyCount(choice1, state) <= 0) {
branch  0 never executed
branch  1 never executed
        -: 1034:                if (DEBUG)
        -: 1035:                    printf("None of that card left, sorry!\n");
        -: 1036:
        -: 1037:                if (DEBUG) {
        -: 1038:                    printf("Cards Left: %d\n", supplyCount(choice1, state));
        -: 1039:                }
    #####: 1040:            }
    #####: 1041:            else if (state->coins < getCost(choice1)) {
branch  0 never executed
branch  1 never executed
    #####: 1042:                printf("That card is too expensive!\n");
        -: 1043:
        -: 1044:                if (DEBUG) {
        -: 1045:                    printf("Coins: %d < %d\n", state->coins, getCost(choice1));
        -: 1046:                }
    #####: 1047:            }
        -: 1048:            else {
        -: 1049:
        -: 1050:                if (DEBUG) {
        -: 1051:                    printf("Deck Count: %d\n", state->handCount[currentPlayer] + state->deckCount[currentPlayer] + state->discardCount[currentPlayer]);
        -: 1052:                }
        -: 1053:
    #####: 1054:                gainCard(choice1, state, 0, currentPlayer);//Gain the card
    #####: 1055:                x = 0;//No more buying cards
        -: 1056:
        -: 1057:                if (DEBUG) {
        -: 1058:                    printf("Deck Count: %d\n", state->handCount[currentPlayer] + state->deckCount[currentPlayer] + state->discardCount[currentPlayer]);
        -: 1059:                }
        -: 1060:
        -: 1061:            }
        -: 1062:        }
        -: 1063:
        -: 1064:        //Reset Hand
    #####: 1065:        for (i = 0; i <= state->handCount[currentPlayer]; i++) {
branch  0 never executed
branch  1 never executed
    #####: 1066:            state->hand[currentPlayer][i] = temphand[i];
    #####: 1067:            temphand[i] = -1;
    #####: 1068:        }
        -: 1069:        //Reset Hand
        -: 1070:
    #####: 1071:        return 0;
        -: 1072:
        -: 1073:    case gardens:
    #####: 1074:        return -1;
        -: 1075:
        -: 1076:    case mine:
    #####: 1077:        mineEffect(state, choice1, choice2, handPos, i, j, currentPlayer);
        -: 1078:
        -: 1079:    case remodel:
    #####: 1080:        j = state->hand[currentPlayer][choice1];  //store card we will trash
        -: 1081:
    #####: 1082:        if ( (getCost(state->hand[currentPlayer][choice1]) + 2) > getCost(choice2) )
branch  0 never executed
branch  1 never executed
        -: 1083:        {
    #####: 1084:            return -1;
        -: 1085:        }
        -: 1086:
    #####: 1087:        gainCard(choice2, state, 0, currentPlayer);
        -: 1088:
        -: 1089:        //discard card from hand
    #####: 1090:        discardCard(handPos, currentPlayer, state, 0);
        -: 1091:
        -: 1092:        //discard trashed card
    #####: 1093:        for (i = 0; i < state->handCount[currentPlayer]; i++)
branch  0 never executed
branch  1 never executed
        -: 1094:        {
    #####: 1095:            if (state->hand[currentPlayer][i] == j)
branch  0 never executed
branch  1 never executed
        -: 1096:            {
    #####: 1097:                discardCard(i, currentPlayer, state, 0);
    #####: 1098:                break;
        -: 1099:            }
    #####: 1100:        }
        -: 1101:
        -: 1102:
    #####: 1103:        return 0;
        -: 1104:
        -: 1105:    case smithy:
        -: 1106:        //+3 Cards
    #####: 1107:        for (i = 0; i < 3; i++)
branch  0 never executed
branch  1 never executed
        -: 1108:        {
    #####: 1109:            drawCard(currentPlayer, state);
    #####: 1110:        }
        -: 1111:
        -: 1112:        //discard card from hand
    #####: 1113:        discardCard(handPos, currentPlayer, state, 0);
    #####: 1114:        return 0;
        -: 1115:
        -: 1116:    case village:
        -: 1117:        //+1 Card
    #####: 1118:        drawCard(currentPlayer, state);
        -: 1119:
        -: 1120:        //+2 Actions
    #####: 1121:        state->numActions = state->numActions + 2;
        -: 1122:
        -: 1123:        //discard played card from hand
    #####: 1124:        discardCard(handPos, currentPlayer, state, 0);
    #####: 1125:        return 0;
        -: 1126:
        -: 1127:    case baron:
    #####: 1128:        baronEffect(state, choice1, currentPlayer);
        -: 1129:
        -: 1130:    case great_hall:
        -: 1131:        //+1 Card
    #####: 1132:        drawCard(currentPlayer, state);
        -: 1133:
        -: 1134:        //+1 Actions
    #####: 1135:        state->numActions++;
        -: 1136:
        -: 1137:        //discard card from hand
    #####: 1138:        discardCard(handPos, currentPlayer, state, 0);
    #####: 1139:        return 0;
        -: 1140:
        -: 1141:    case minion:
    #####: 1142:        minionEffect(state, choice1, choice2, handPos, i, j, currentPlayer);
        -: 1143:
        -: 1144:    case steward:
    #####: 1145:        if (choice1 == 1)
branch  0 never executed
branch  1 never executed
        -: 1146:        {
        -: 1147:            //+2 cards
    #####: 1148:            drawCard(currentPlayer, state);
    #####: 1149:            drawCard(currentPlayer, state);
    #####: 1150:        }
    #####: 1151:        else if (choice1 == 2)
branch  0 never executed
branch  1 never executed
        -: 1152:        {
        -: 1153:            //+2 coins
    #####: 1154:            state->coins = state->coins + 2;
    #####: 1155:        }
        -: 1156:        else
        -: 1157:        {
        -: 1158:            //trash 2 cards in hand
    #####: 1159:            discardCard(choice2, currentPlayer, state, 1);
    #####: 1160:            discardCard(choice3, currentPlayer, state, 1);
        -: 1161:        }
        -: 1162:
        -: 1163:        //discard card from hand
    #####: 1164:        discardCard(handPos, currentPlayer, state, 0);
    #####: 1165:        return 0;
        -: 1166:
        -: 1167:    case tribute:
    #####: 1168:        tributeEffect(state, tributeRevealedCards, i, currentPlayer, nextPlayer);
        -: 1169:
        -: 1170:    case ambassador:
    #####: 1171:        ambassadorEffect(state, choice1, choice2, handPos, i, j, currentPlayer);
        -: 1172:
        -: 1173:    case cutpurse:
        -: 1174:
    #####: 1175:        updateCoins(currentPlayer, state, 2);
    #####: 1176:        for (i = 0; i < state->numPlayers; i++)
branch  0 never executed
branch  1 never executed
        -: 1177:        {
    #####: 1178:            if (i != currentPlayer)
branch  0 never executed
branch  1 never executed
        -: 1179:            {
    #####: 1180:                for (j = 0; j < state->handCount[i]; j++)
branch  0 never executed
branch  1 never executed
        -: 1181:                {
    #####: 1182:                    if (state->hand[i][j] == copper)
branch  0 never executed
branch  1 never executed
        -: 1183:                    {
    #####: 1184:                        discardCard(j, i, state, 0);
    #####: 1185:                        break;
        -: 1186:                    }
    #####: 1187:                    if (j == state->handCount[i])
branch  0 never executed
branch  1 never executed
        -: 1188:                    {
    #####: 1189:                        for (k = 0; k < state->handCount[i]; k++)
branch  0 never executed
branch  1 never executed
        -: 1190:                        {
        -: 1191:                            if (DEBUG)
        -: 1192:                                printf("Player %d reveals card number %d\n", i, state->hand[i][k]);
    #####: 1193:                        }
    #####: 1194:                        break;
        -: 1195:                    }
    #####: 1196:                }
        -: 1197:
    #####: 1198:            }
        -: 1199:
    #####: 1200:        }
        -: 1201:
        -: 1202:        //discard played card from hand
    #####: 1203:        discardCard(handPos, currentPlayer, state, 0);
        -: 1204:
    #####: 1205:        return 0;
        -: 1206:
        -: 1207:
        -: 1208:    case embargo:
        -: 1209:        //+2 Coins
    #####: 1210:        state->coins = state->coins + 2;
        -: 1211:
        -: 1212:        //see if selected pile is in play
    #####: 1213:        if ( state->supplyCount[choice1] == -1 )
branch  0 never executed
branch  1 never executed
        -: 1214:        {
    #####: 1215:            return -1;
        -: 1216:        }
        -: 1217:
        -: 1218:        //add embargo token to selected supply pile
    #####: 1219:        state->embargoTokens[choice1]++;
        -: 1220:
        -: 1221:        //trash card
    #####: 1222:        discardCard(handPos, currentPlayer, state, 1);
    #####: 1223:        return 0;
        -: 1224:
        -: 1225:    case outpost:
        -: 1226:        //set outpost flag
    #####: 1227:        state->outpostPlayed++;
        -: 1228:
        -: 1229:        //discard card
    #####: 1230:        discardCard(handPos, currentPlayer, state, 0);
    #####: 1231:        return 0;
        -: 1232:
        -: 1233:    case salvager:
        -: 1234:        //+1 buy
    #####: 1235:        state->numBuys++;
        -: 1236:
    #####: 1237:        if (choice1)
branch  0 never executed
branch  1 never executed
        -: 1238:        {
        -: 1239:            //gain coins equal to trashed card
    #####: 1240:            state->coins = state->coins + getCost( handCard(choice1, state) );
        -: 1241:            //trash card
    #####: 1242:            discardCard(choice1, currentPlayer, state, 1);
    #####: 1243:        }
        -: 1244:
        -: 1245:        //discard card
    #####: 1246:        discardCard(handPos, currentPlayer, state, 0);
    #####: 1247:        return 0;
        -: 1248:
        -: 1249:    case sea_hag:
    #####: 1250:        for (i = 0; i < state->numPlayers; i++) {
branch  0 never executed
branch  1 never executed
    #####: 1251:            if (i != currentPlayer) {
branch  0 never executed
branch  1 never executed
    #####: 1252:                state->discard[i][state->discardCount[i]] = state->deck[i][state->deckCount[i]--];
    #####: 1253:                state->deckCount[i]--;
    #####: 1254:                state->discardCount[i]++;
    #####: 1255:                state->deck[i][state->deckCount[i]--] = curse;//Top card now a curse
    #####: 1256:            }
    #####: 1257:        }
    #####: 1258:        return 0;
        -: 1259:
        -: 1260:    case treasure_map:
        -: 1261:        //search hand for another treasure_map
    #####: 1262:        index = -1;
    #####: 1263:        for (i = 0; i < state->handCount[currentPlayer]; i++)
branch  0 never executed
branch  1 never executed
        -: 1264:        {
    #####: 1265:            if (state->hand[currentPlayer][i] == treasure_map && i != handPos)
branch  0 never executed
branch  1 never executed
branch  2 never executed
branch  3 never executed
        -: 1266:            {
    #####: 1267:                index = i;
    #####: 1268:                break;
        -: 1269:            }
    #####: 1270:        }
    #####: 1271:        if (index > -1)
branch  0 never executed
branch  1 never executed
        -: 1272:        {
        -: 1273:            //trash both treasure cards
    #####: 1274:            discardCard(handPos, currentPlayer, state, 1);
    #####: 1275:            discardCard(index, currentPlayer, state, 1);
        -: 1276:
        -: 1277:            //gain 4 Gold cards
    #####: 1278:            for (i = 0; i < 4; i++)
branch  0 never executed
branch  1 never executed
        -: 1279:            {
    #####: 1280:                gainCard(gold, state, 1, currentPlayer);
    #####: 1281:            }
        -: 1282:
        -: 1283:            //return success
    #####: 1284:            return 1;
        -: 1285:        }
        -: 1286:
        -: 1287:        //no second treasure_map found in hand
    #####: 1288:        return -1;
        -: 1289:    }
        -: 1290:
    #####: 1291:    return -1;
    #####: 1292:}
        -: 1293:
function discardCard called 6 returned 100% blocks executed 100%
        -: 1294:int discardCard(int handPos, int currentPlayer, struct gameState *state, int trashFlag)
        -: 1295:{
        -: 1296:
        -: 1297:    //if card is not trashed, added to Played pile
        6: 1298:    if (trashFlag < 1)
branch  0 taken 83%
branch  1 taken 17%
        -: 1299:    {
        -: 1300:        //add card to played pile
        5: 1301:        state->playedCards[state->playedCardCount] = state->hand[currentPlayer][handPos];
        5: 1302:        state->playedCardCount++;
        5: 1303:    }
        -: 1304:
        -: 1305:    //set played card to -1
        6: 1306:    state->hand[currentPlayer][handPos] = -1;
        -: 1307:
        -: 1308:    //remove card from player's hand
        6: 1309:    if ( handPos == (state->handCount[currentPlayer] - 1) ) 	//last card in hand array is played
branch  0 taken 17%
branch  1 taken 83%
        -: 1310:    {
        -: 1311:        //reduce number of cards in hand
        1: 1312:        state->handCount[currentPlayer]--;
        1: 1313:    }
        5: 1314:    else if ( state->handCount[currentPlayer] == 1 ) //only one card in hand
branch  0 taken 20%
branch  1 taken 80%
        -: 1315:    {
        -: 1316:        //reduce number of cards in hand
        1: 1317:        state->handCount[currentPlayer]--;
        1: 1318:    }
        -: 1319:    else
        -: 1320:    {
        -: 1321:        //replace discarded card with last card in hand
        4: 1322:        state->hand[currentPlayer][handPos] = state->hand[currentPlayer][ (state->handCount[currentPlayer] - 1)];
        -: 1323:        //set last card to -1
        4: 1324:        state->hand[currentPlayer][state->handCount[currentPlayer] - 1] = -1;
        -: 1325:        //reduce number of cards in hand
        4: 1326:        state->handCount[currentPlayer]--;
        -: 1327:    }
        -: 1328:
        6: 1329:    return 0;
        -: 1330:}
        -: 1331:
function gainCard called 2 returned 100% blocks executed 72%
        -: 1332:int gainCard(int supplyPos, struct gameState *state, int toFlag, int player)
        -: 1333:{
        -: 1334:    //Note: supplyPos is enum of choosen card
        -: 1335:
        -: 1336:    //check if supply pile is empty (0) or card is not used in game (-1)
        2: 1337:    if ( supplyCount(supplyPos, state) < 1 )
branch  0 taken 0%
branch  1 taken 100%
        -: 1338:    {
    #####: 1339:        return -1;
        -: 1340:    }
        -: 1341:
        -: 1342:    //added card for [whoseTurn] current player:
        -: 1343:    // toFlag = 0 : add to discard
        -: 1344:    // toFlag = 1 : add to deck
        -: 1345:    // toFlag = 2 : add to hand
        -: 1346:
        2: 1347:    if (toFlag == 1)
branch  0 taken 0%
branch  1 taken 100%
        -: 1348:    {
    #####: 1349:        state->deck[ player ][ state->deckCount[player] ] = supplyPos;
    #####: 1350:        state->deckCount[player]++;
    #####: 1351:    }
        2: 1352:    else if (toFlag == 2)
branch  0 taken 0%
branch  1 taken 100%
        -: 1353:    {
    #####: 1354:        state->hand[ player ][ state->handCount[player] ] = supplyPos;
    #####: 1355:        state->handCount[player]++;
    #####: 1356:    }
        -: 1357:    else
        -: 1358:    {
        2: 1359:        state->discard[player][ state->discardCount[player] ] = supplyPos;
        2: 1360:        state->discardCount[player]++;
        -: 1361:    }
        -: 1362:
        -: 1363:    //decrease number in supply pile
        2: 1364:    state->supplyCount[supplyPos]--;
        -: 1365:
        2: 1366:    return 0;
        2: 1367:}
        -: 1368:
function updateCoins called 10 returned 100% blocks executed 85%
        -: 1369:int updateCoins(int player, struct gameState *state, int bonus)
        -: 1370:{
        -: 1371:    int i;
        -: 1372:
        -: 1373:    //reset coin count
       10: 1374:    state->coins = 0;
        -: 1375:
        -: 1376:    //add coins for each Treasure card in player's hand
      120: 1377:    for (i = 0; i < state->handCount[player]; i++)
branch  0 taken 83%
branch  1 taken 17%
        -: 1378:    {
       50: 1379:        if (state->hand[player][i] == copper)
branch  0 taken 70%
branch  1 taken 30%
        -: 1380:        {
       35: 1381:            state->coins += 1;
       35: 1382:        }
       15: 1383:        else if (state->hand[player][i] == silver)
branch  0 taken 0%
branch  1 taken 100%
        -: 1384:        {
    #####: 1385:            state->coins += 2;
    #####: 1386:        }
       15: 1387:        else if (state->hand[player][i] == gold)
branch  0 taken 0%
branch  1 taken 100%
        -: 1388:        {
    #####: 1389:            state->coins += 3;
    #####: 1390:        }
       50: 1391:    }
        -: 1392:
        -: 1393:    //add bonus
       10: 1394:    state->coins += bonus;
        -: 1395:
       10: 1396:    return 0;
        -: 1397:}
        -: 1398:
        -: 1399:
        -: 1400://end of dominion.c
        -: 1401:
